<?xml version="1.0" encoding="UTF-8"?>
<Site BuildName="(empty)"
	BuildStamp="20240630-2104-Experimental"
	Name="OMEN"
	Generator="ctest-3.22.1"
	CompilerName="/usr/bin/c++"
	CompilerVersion="11.4.0"
	OSName="Linux"
	Hostname="OMEN"
	OSRelease="6.5.0-41-generic"
	OSVersion="#41~22.04.2-Ubuntu SMP PREEMPT_DYNAMIC Mon Jun  3 11:32:55 UTC 2"
	OSPlatform="x86_64"
	Is64Bits="1"
	VendorString="GenuineIntel"
	VendorID="Intel Corporation"
	FamilyID="6"
	ModelID="154"
	ProcessorCacheSize="24576"
	NumberOfLogicalCPU="20"
	NumberOfPhysicalCPU="14"
	TotalVirtualMemory="2047"
	TotalPhysicalMemory="15647"
	LogicalProcessorsPerPhysical="1"
	ProcessorClockFrequency="3243.3"
	>
	<Testing>
		<StartDateTime>Jul 01 05:09 CST</StartDateTime>
		<StartTestTime>1719781797</StartTestTime>
		<TestList/>
		<EndDateTime>Jul 01 05:09 CST</EndDateTime>
		<EndTestTime>1719781797</EndTestTime>
		<ElapsedMinutes>0</ElapsedMinutes>
	</Testing>
</Site>
